  UFOWARS2021.cpp
E:\大学资料\2024实训\飞机大战\UFOWARS2021\UFOWARS2021\UFOWARS2021.cpp(126,12): warning C4244: “参数”: 从“time_t”转换到“unsigned int”，可能丢失数据
  (编译源文件“/UFOWARS2021.cpp”)
  
E:\大学资料\2024实训\飞机大战\UFOWARS2021\UFOWARS2021\UFOWARS2021.cpp(312,65): warning C4305: “参数”: 从“double”到“float”截断
  (编译源文件“/UFOWARS2021.cpp”)
  
E:\大学资料\2024实训\飞机大战\UFOWARS2021\UFOWARS2021\UFOWARS2021.cpp(313,64): warning C4305: “参数”: 从“double”到“float”截断
  (编译源文件“/UFOWARS2021.cpp”)
  
E:\大学资料\2024实训\飞机大战\UFOWARS2021\UFOWARS2021\UFOWARS2021.cpp(366,25): warning C4244: “初始化”: 从“double”转换到“float”，可能丢失数据
  (编译源文件“/UFOWARS2021.cpp”)
  
E:\大学资料\2024实训\飞机大战\UFOWARS2021\UFOWARS2021\UFOWARS2021.cpp(367,22): warning C4244: “初始化”: 从“double”转换到“float”，可能丢失数据
  (编译源文件“/UFOWARS2021.cpp”)
  
E:\大学资料\2024实训\飞机大战\UFOWARS2021\UFOWARS2021\UFOWARS2021.cpp(368,22): warning C4244: “初始化”: 从“double”转换到“float”，可能丢失数据
  (编译源文件“/UFOWARS2021.cpp”)
  
E:\大学资料\2024实训\飞机大战\UFOWARS2021\UFOWARS2021\UFOWARS2021.cpp(409,16): warning C4244: “初始化”: 从“int”转换到“float”，可能丢失数据
  (编译源文件“/UFOWARS2021.cpp”)
  
E:\大学资料\2024实训\飞机大战\UFOWARS2021\UFOWARS2021\UFOWARS2021.cpp(413,24): warning C4244: “=”: 从“int”转换到“float”，可能丢失数据
  (编译源文件“/UFOWARS2021.cpp”)
  
E:\大学资料\2024实训\飞机大战\UFOWARS2021\UFOWARS2021\UFOWARS2021.cpp(414,17): warning C4244: “=”: 从“int”转换到“float”，可能丢失数据
  (编译源文件“/UFOWARS2021.cpp”)
  
E:\大学资料\2024实训\飞机大战\UFOWARS2021\UFOWARS2021\UFOWARS2021.cpp(455,37): warning C4244: “=”: 从“int”转换到“float”，可能丢失数据
  (编译源文件“/UFOWARS2021.cpp”)
  
E:\大学资料\2024实训\飞机大战\UFOWARS2021\UFOWARS2021\UFOWARS2021.cpp(456,17): warning C4244: “=”: 从“int”转换到“float”，可能丢失数据
  (编译源文件“/UFOWARS2021.cpp”)
  
E:\大学资料\2024实训\飞机大战\UFOWARS2021\UFOWARS2021\UFOWARS2021.cpp(469,19): warning C4244: “=”: 从“int”转换到“float”，可能丢失数据
  (编译源文件“/UFOWARS2021.cpp”)
  
E:\大学资料\2024实训\飞机大战\UFOWARS2021\UFOWARS2021\UFOWARS2021.cpp(470,19): warning C4244: “=”: 从“int”转换到“float”，可能丢失数据
  (编译源文件“/UFOWARS2021.cpp”)
  
E:\大学资料\2024实训\飞机大战\UFOWARS2021\UFOWARS2021\UFOWARS2021.cpp(483,19): warning C4244: “=”: 从“int”转换到“float”，可能丢失数据
  (编译源文件“/UFOWARS2021.cpp”)
  
E:\大学资料\2024实训\飞机大战\UFOWARS2021\UFOWARS2021\UFOWARS2021.cpp(484,19): warning C4244: “=”: 从“int”转换到“float”，可能丢失数据
  (编译源文件“/UFOWARS2021.cpp”)
  
E:\大学资料\2024实训\飞机大战\UFOWARS2021\UFOWARS2021\UFOWARS2021.cpp(557,34): warning C4244: “参数”: 从“float”转换到“int”，可能丢失数据
  (编译源文件“/UFOWARS2021.cpp”)
  
E:\大学资料\2024实训\飞机大战\UFOWARS2021\UFOWARS2021\UFOWARS2021.cpp(557,26): warning C4244: “参数”: 从“float”转换到“int”，可能丢失数据
  (编译源文件“/UFOWARS2021.cpp”)
  
E:\大学资料\2024实训\飞机大战\UFOWARS2021\UFOWARS2021\UFOWARS2021.cpp(565,46): warning C4244: “参数”: 从“float”转换到“int”，可能丢失数据
  (编译源文件“/UFOWARS2021.cpp”)
  
E:\大学资料\2024实训\飞机大战\UFOWARS2021\UFOWARS2021\UFOWARS2021.cpp(565,35): warning C4244: “参数”: 从“float”转换到“int”，可能丢失数据
  (编译源文件“/UFOWARS2021.cpp”)
  
E:\大学资料\2024实训\飞机大战\UFOWARS2021\UFOWARS2021\UFOWARS2021.cpp(573,46): warning C4244: “参数”: 从“float”转换到“int”，可能丢失数据
  (编译源文件“/UFOWARS2021.cpp”)
  
E:\大学资料\2024实训\飞机大战\UFOWARS2021\UFOWARS2021\UFOWARS2021.cpp(573,35): warning C4244: “参数”: 从“float”转换到“int”，可能丢失数据
  (编译源文件“/UFOWARS2021.cpp”)
  
E:\大学资料\2024实训\飞机大战\UFOWARS2021\UFOWARS2021\UFOWARS2021.cpp(629,64): warning C4244: “参数”: 从“int”转换到“float”，可能丢失数据
  (编译源文件“/UFOWARS2021.cpp”)
  
E:\大学资料\2024实训\飞机大战\UFOWARS2021\UFOWARS2021\UFOWARS2021.cpp(629,39): warning C4244: “参数”: 从“int”转换到“float”，可能丢失数据
  (编译源文件“/UFOWARS2021.cpp”)
  
E:\大学资料\2024实训\飞机大战\UFOWARS2021\UFOWARS2021\UFOWARS2021.cpp(630,67): warning C4244: “参数”: 从“int”转换到“float”，可能丢失数据
  (编译源文件“/UFOWARS2021.cpp”)
  
E:\大学资料\2024实训\飞机大战\UFOWARS2021\UFOWARS2021\UFOWARS2021.cpp(630,42): warning C4244: “参数”: 从“int”转换到“float”，可能丢失数据
  (编译源文件“/UFOWARS2021.cpp”)
  
E:\大学资料\2024实训\飞机大战\UFOWARS2021\UFOWARS2021\UFOWARS2021.cpp(631,80): warning C4244: “参数”: 从“int”转换到“float”，可能丢失数据
  (编译源文件“/UFOWARS2021.cpp”)
  
E:\大学资料\2024实训\飞机大战\UFOWARS2021\UFOWARS2021\UFOWARS2021.cpp(631,55): warning C4244: “参数”: 从“int”转换到“float”，可能丢失数据
  (编译源文件“/UFOWARS2021.cpp”)
  
E:\大学资料\2024实训\飞机大战\UFOWARS2021\UFOWARS2021\UFOWARS2021.cpp(674,22): warning C4244: “=”: 从“int”转换到“float”，可能丢失数据
  (编译源文件“/UFOWARS2021.cpp”)
  
E:\大学资料\2024实训\飞机大战\UFOWARS2021\UFOWARS2021\UFOWARS2021.cpp(675,19): warning C4244: “=”: 从“int”转换到“float”，可能丢失数据
  (编译源文件“/UFOWARS2021.cpp”)
  
E:\大学资料\2024实训\飞机大战\UFOWARS2021\UFOWARS2021\UFOWARS2021.cpp(676,22): warning C4244: “=”: 从“int”转换到“float”，可能丢失数据
  (编译源文件“/UFOWARS2021.cpp”)
  
E:\大学资料\2024实训\飞机大战\UFOWARS2021\UFOWARS2021\UFOWARS2021.cpp(677,22): warning C4244: “=”: 从“int”转换到“float”，可能丢失数据
  (编译源文件“/UFOWARS2021.cpp”)
  
E:\大学资料\2024实训\飞机大战\UFOWARS2021\UFOWARS2021\UFOWARS2021.cpp(678,19): warning C4244: “=”: 从“int”转换到“float”，可能丢失数据
  (编译源文件“/UFOWARS2021.cpp”)
  
E:\大学资料\2024实训\飞机大战\UFOWARS2021\UFOWARS2021\UFOWARS2021.cpp(679,22): warning C4244: “=”: 从“int”转换到“float”，可能丢失数据
  (编译源文件“/UFOWARS2021.cpp”)
  
  UFOWARS2021.vcxproj -> E:\大学资料\2024实训\飞机大战\UFOWARS2021\Debug\UFOWARS2021.exe
